INFO:root:Billing Pipeline Starting.......
WARNING:root:Invalid dates skipped!!:
(41, subscription_id    S001
usage_date          NaT
data_used_gb         10
Name: 41, dtype: object)
WARNING:root:Invalid dates skipped!!:
(44, subscription_id    S006
usage_date          NaT
data_used_gb         15
Name: 44, dtype: object)
WARNING:root:Invalid dates skipped!!:
(45, subscription_id    S008
usage_date          NaT
data_used_gb         30
Name: 45, dtype: object)
INFO:root:   subscription_id customer_id      plan  monthly_fee  usage_limit_gb  \
0             S001        C001     BASIC          499              50   
1             S002        C002  STANDARD          999             200   
2             S003        C003   PREMIUM         1999             500   
3             S004        C004     BASIC          499              50   
4             S005        C005  STANDARD          999             200   
5             S006        C006     BASIC          499              50   
6             S007        C007   PREMIUM         1999             500   
7             S008        C008  STANDARD          999             200   
8             S009        C009     BASIC          499              50   
9             S010        C010   PREMIUM         1999             500   
10            S011        C011  STANDARD          999             200   
11            S012        C012     BASIC          499              50   
12            S013        C013   PREMIUM         1999             500   
13            S014        C014  STANDARD          999             200   
14            S015        C015     BASIC          499              50   
15            S016        C016   PREMIUM         1999             500   
16            S017        C017  STANDARD          999             200   
17            S018        C018     BASIC          499              50   
18            S019        C019   PREMIUM         1999             500   
19            S020        C020  STANDARD          999             200   
20            S021        C021     BASIC          499              50   
21            S022        C022  STANDARD          999             200   
22            S023        C023   PREMIUM         1999             500   
23            S024        C024     BASIC          499              50   
24            S025        C025  STANDARD          999             200   
25            S026        C026   PREMIUM         1999             500   
26            S027        C027     BASIC          499              50   
27            S028        C028  STANDARD          999             200   
28            S029        C029   PREMIUM         1999             500   
29            S030        C030     BASIC          499              50   

       status  start_date    end_date  total_usage_gb  overage_gb  total_bill  \
0      ACTIVE  2024-01-01         NaN              60          10         599   
1      ACTIVE  2024-02-01         NaN             230          30        1299   
2   SUSPENDED  2024-01-15         NaN             550           0        1999   
3   CANCELLED  2024-01-01  2024-03-15              30           0           0   
4      ACTIVE  2023-12-10         NaN             220          20        1199   
5      ACTIVE  2024-01-20         NaN              60          10         599   
6      ACTIVE  2024-02-05         NaN             550          50        2499   
7   SUSPENDED  2024-01-12         NaN             220           0         999   
8      ACTIVE  2024-01-01         NaN              45           0         499   
9   CANCELLED  2023-11-01  2024-02-28             400           0           0   
10     ACTIVE  2024-01-01         NaN             190           0         999   
11     ACTIVE  2024-01-15         NaN              20           0         499   
12     ACTIVE  2024-02-01         NaN             550          50        2499   
13     ACTIVE  2024-02-20         NaN             230          30        1299   
14  SUSPENDED  2024-01-10         NaN               5           0         499   
15     ACTIVE  2024-01-05         NaN             300           0        1999   
16     ACTIVE  2023-12-01         NaN             250          50        1499   
17     ACTIVE  2024-02-01         NaN              30           0         499   
18     ACTIVE  2024-01-01         NaN             600         100        2999   
19  CANCELLED  2024-01-01  2024-03-01             100           0           0   
20     ACTIVE  2024-02-10         NaN              40           0         499   
21     ACTIVE  2024-01-01         NaN             210          10        1099   
22  SUSPENDED  2024-01-01         NaN             700           0        1999   
23     ACTIVE  2024-01-15         NaN              55           5         549   
24     ACTIVE  2024-02-01         NaN             190           0         999   
25     ACTIVE  2024-01-01         NaN             530          30        2299   
26     ACTIVE  2024-01-01         NaN              10           0         499   
27     ACTIVE  2024-01-20         NaN             210          10        1099   
28     ACTIVE  2024-02-01         NaN             550          50        2499   
29  SUSPENDED  2024-01-01         NaN              70           0         499   

   final_status  
0        ACTIVE  
1        ACTIVE  
2     SUSPENDED  
3     CANCELLED  
4        ACTIVE  
5        ACTIVE  
6        ACTIVE  
7     SUSPENDED  
8        ACTIVE  
9     CANCELLED  
10       ACTIVE  
11       ACTIVE  
12       ACTIVE  
13       ACTIVE  
14       ACTIVE  
15       ACTIVE  
16       ACTIVE  
17       ACTIVE  
18       ACTIVE  
19    CANCELLED  
20       ACTIVE  
21       ACTIVE  
22    SUSPENDED  
23       ACTIVE  
24       ACTIVE  
25       ACTIVE  
26       ACTIVE  
27       ACTIVE  
28       ACTIVE  
29    SUSPENDED  
INFO:root:Output file created successfully with all required columns!!
INFO:root:Billing Pipeline Ended......
